

*******************************************************************************
Thu Mar 10 11:43:31 2016


FIT:    data read from "./salidas-nlogn/salidaheap.dat"
        format = z
        #datapoints = 99
        residuals are weighted equally (unit weight)

function used for fitting: f(x)
	f(x)= a0*x*log(x)
fitted parameters initialized with current variable values

iter      chisq       delta/lim  lambda   a0           
   0 4.1037792900e+13   0.00e+00  6.44e+05    1.000000e+00
   4 6.0081132927e-05  -7.11e-02  6.44e+01    2.002270e-08

After 4 iterations the fit converged.
final sum of squares of residuals : 6.00811e-05
rel. change during last iteration : -7.10913e-07

degrees of freedom    (FIT_NDF)                        : 98
rms of residuals      (FIT_STDFIT) = sqrt(WSSR/ndf)    : 0.00078299
variance of residuals (reduced chisquare) = WSSR/ndf   : 6.13073e-07

Final set of parameters            Asymptotic Standard Error
=======================            ==========================
a0              = 2.00227e-08      +/- 1.222e-10    (0.6104%)
