

*******************************************************************************
Sat Mar 12 00:15:47 2016


FIT:    data read from "salidainsercion.dat"
        format = z
        #datapoints = 99
        residuals are weighted equally (unit weight)

function used for fitting: f(x)
	f(x) = a0*x^2
fitted parameters initialized with current variable values



*******************************************************************************
Sat Mar 12 00:21:54 2016


FIT:    data read from "salidainsercion.dat"
        format = z
        #datapoints = 99
        residuals are weighted equally (unit weight)

function used for fitting: f(x)
	f(x) = a0*x**2
fitted parameters initialized with current variable values

iter      chisq       delta/lim  lambda   a0           
   0 1.9503333243e+17   0.00e+00  4.44e+07    1.000000e+00
   5 1.3283798816e-03  -6.53e-11  4.44e+02    1.451510e-09

After 5 iterations the fit converged.
final sum of squares of residuals : 0.00132838
rel. change during last iteration : -6.52947e-16

degrees of freedom    (FIT_NDF)                        : 98
rms of residuals      (FIT_STDFIT) = sqrt(WSSR/ndf)    : 0.0036817
variance of residuals (reduced chisquare) = WSSR/ndf   : 1.35549e-05

Final set of parameters            Asymptotic Standard Error
=======================            ==========================
a0              = 1.45151e-09      +/- 8.337e-12    (0.5743%)


*******************************************************************************
Sat Mar 12 00:30:18 2016


FIT:    data read from "salidainsercion.dat"
        format = z
        #datapoints = 99
        residuals are weighted equally (unit weight)

function used for fitting: f(x)
	f(x) = a0*x**2
fitted parameters initialized with current variable values

iter      chisq       delta/lim  lambda   a0           
   0 1.9503333243e+17   0.00e+00  4.44e+07    1.000000e+00
   5 1.3283798816e-03  -6.53e-11  4.44e+02    1.451510e-09

After 5 iterations the fit converged.
final sum of squares of residuals : 0.00132838
rel. change during last iteration : -6.52947e-16

degrees of freedom    (FIT_NDF)                        : 98
rms of residuals      (FIT_STDFIT) = sqrt(WSSR/ndf)    : 0.0036817
variance of residuals (reduced chisquare) = WSSR/ndf   : 1.35549e-05

Final set of parameters            Asymptotic Standard Error
=======================            ==========================
a0              = 1.45151e-09      +/- 8.337e-12    (0.5743%)


*******************************************************************************
Sat Mar 12 00:31:04 2016


FIT:    data read from "salidainsercion.dat"
        format = z
        #datapoints = 99
        residuals are weighted equally (unit weight)

function used for fitting: f(x)
	f(x) = a0*x**2
fitted parameters initialized with current variable values

iter      chisq       delta/lim  lambda   a0           
   0 1.3283798816e-03   0.00e+00  6.44e-02    1.451510e-09
   1 1.3283798816e-03   0.00e+00  6.44e-03    1.451510e-09

After 1 iterations the fit converged.
final sum of squares of residuals : 0.00132838
rel. change during last iteration : 0

degrees of freedom    (FIT_NDF)                        : 98
rms of residuals      (FIT_STDFIT) = sqrt(WSSR/ndf)    : 0.0036817
variance of residuals (reduced chisquare) = WSSR/ndf   : 1.35549e-05

Final set of parameters            Asymptotic Standard Error
=======================            ==========================
a0              = 1.45151e-09      +/- 8.337e-12    (0.5743%)
