

*******************************************************************************
Sat Mar 12 00:39:30 2016


FIT:    data read from "salidainsercion.dat"
        format = z
        #datapoints = 99
        residuals are weighted equally (unit weight)

function used for fitting: f(x)
	f(x) = a0*x*log(x)
fitted parameters initialized with current variable values

iter      chisq       delta/lim  lambda   a0           
   0 2.5881473694e+11   0.00e+00  5.11e+04    1.000000e+00
   4 2.0189007093e-02  -1.33e-06  5.11e+00    1.230769e-06

After 4 iterations the fit converged.
final sum of squares of residuals : 0.020189
rel. change during last iteration : -1.33428e-11

degrees of freedom    (FIT_NDF)                        : 98
rms of residuals      (FIT_STDFIT) = sqrt(WSSR/ndf)    : 0.0143531
variance of residuals (reduced chisquare) = WSSR/ndf   : 0.00020601

Final set of parameters            Asymptotic Standard Error
=======================            ==========================
a0              = 1.23077e-06      +/- 2.821e-08    (2.292%)
