

*******************************************************************************
Tue May 17 23:18:53 2016


FIT:    data read from "salida.dat"
        format = z
        #datapoints = 10
        residuals are weighted equally (unit weight)

function used for fitting: f(x)
	f(x) = a0*2^x
fitted parameters initialized with current variable values



*******************************************************************************
Tue May 17 23:20:23 2016


FIT:    data read from "salida.dat"
        format = z
        #datapoints = 10
        residuals are weighted equally (unit weight)

function used for fitting: f(x)
	f(x) = a0*x
fitted parameters initialized with current variable values

iter      chisq       delta/lim  lambda   a0           
   0 3.3521736948e+05   0.00e+00  6.93e+00    1.000000e+00
   3 2.4285411253e+05  -3.14e-04  6.93e-03    1.487168e+01

After 3 iterations the fit converged.
final sum of squares of residuals : 242854
rel. change during last iteration : -3.1369e-09

degrees of freedom    (FIT_NDF)                        : 9
rms of residuals      (FIT_STDFIT) = sqrt(WSSR/ndf)    : 164.267
variance of residuals (reduced chisquare) = WSSR/ndf   : 26983.8

Final set of parameters            Asymptotic Standard Error
=======================            ==========================
a0              = 14.8717          +/- 7.498        (50.42%)


*******************************************************************************
Tue May 17 23:21:00 2016


FIT:    data read from "salida.dat"
        format = z
        #datapoints = 10
        residuals are weighted equally (unit weight)

function used for fitting: f(x)
	f(x) = a0*2**n
fitted parameters initialized with current variable values



*******************************************************************************
Tue May 17 23:21:05 2016


FIT:    data read from "salida.dat"
        format = z
        #datapoints = 10
        residuals are weighted equally (unit weight)

function used for fitting: f(x)
	f(x) = a0*2**x
fitted parameters initialized with current variable values

iter      chisq       delta/lim  lambda   a0           
   0 1.3658788511e+07   0.00e+00  1.35e+03    1.000000e+00
   3 2.5284650149e+04  -4.45e-01  1.35e+00    1.335199e-01

After 3 iterations the fit converged.
final sum of squares of residuals : 25284.7
rel. change during last iteration : -4.44731e-06

degrees of freedom    (FIT_NDF)                        : 9
rms of residuals      (FIT_STDFIT) = sqrt(WSSR/ndf)    : 53.0038
variance of residuals (reduced chisquare) = WSSR/ndf   : 2809.41

Final set of parameters            Asymptotic Standard Error
=======================            ==========================
a0              = 0.13352          +/- 0.01244      (9.316%)


*******************************************************************************
Tue May 17 23:21:14 2016


FIT:    data read from "salida.dat"
        format = z
        #datapoints = 10
        residuals are weighted equally (unit weight)

function used for fitting: f(x)
	f(x) = a0*3**x
fitted parameters initialized with current variable values

iter      chisq       delta/lim  lambda   a0           
   0 2.8571928165e+11   0.00e+00  1.69e+05    1.000000e+00
   4 4.1938682560e+03  -5.62e-06  1.69e+01    1.097362e-03

After 4 iterations the fit converged.
final sum of squares of residuals : 4193.87
rel. change during last iteration : -5.61898e-11

degrees of freedom    (FIT_NDF)                        : 9
rms of residuals      (FIT_STDFIT) = sqrt(WSSR/ndf)    : 21.5867
variance of residuals (reduced chisquare) = WSSR/ndf   : 465.985

Final set of parameters            Asymptotic Standard Error
=======================            ==========================
a0              = 0.00109736       +/- 4.034e-05    (3.676%)


*******************************************************************************
Tue May 17 23:21:21 2016


FIT:    data read from "salida.dat"
        format = z
        #datapoints = 10
        residuals are weighted equally (unit weight)

function used for fitting: f(x)
	f(x) = a0*4**x
fitted parameters initialized with current variable values

iter      chisq       delta/lim  lambda   a0           
   0 2.8262768886e+14   0.00e+00  5.32e+06    1.000000e+00
   4 1.1295201061e+03  -2.06e-02  5.32e+02    3.508286e-05

After 4 iterations the fit converged.
final sum of squares of residuals : 1129.52
rel. change during last iteration : -2.06376e-07

degrees of freedom    (FIT_NDF)                        : 9
rms of residuals      (FIT_STDFIT) = sqrt(WSSR/ndf)    : 11.2028
variance of residuals (reduced chisquare) = WSSR/ndf   : 125.502

Final set of parameters            Asymptotic Standard Error
=======================            ==========================
a0              = 3.50829e-05      +/- 6.664e-07    (1.899%)


*******************************************************************************
Tue May 17 23:21:25 2016


FIT:    data read from "salida.dat"
        format = z
        #datapoints = 10
        residuals are weighted equally (unit weight)

function used for fitting: f(x)
	f(x) = a0*5**x
fitted parameters initialized with current variable values

iter      chisq       delta/lim  lambda   a0           
   0 5.9703691202e+16   0.00e+00  7.73e+07    1.000000e+00
   5 3.8488212230e+02  -2.95e-11  7.73e+02    2.416464e-06

After 5 iterations the fit converged.
final sum of squares of residuals : 384.882
rel. change during last iteration : -2.95381e-16

degrees of freedom    (FIT_NDF)                        : 9
rms of residuals      (FIT_STDFIT) = sqrt(WSSR/ndf)    : 6.53947
variance of residuals (reduced chisquare) = WSSR/ndf   : 42.7647

Final set of parameters            Asymptotic Standard Error
=======================            ==========================
a0              = 2.41646e-06      +/- 2.676e-08    (1.108%)


*******************************************************************************
Tue May 17 23:21:33 2016


FIT:    data read from "salida.dat"
        format = z
        #datapoints = 10
        residuals are weighted equally (unit weight)

function used for fitting: f(x)
	f(x) = a0*8**x
fitted parameters initialized with current variable values

iter      chisq       delta/lim  lambda   a0           
   0 4.7235376191e+21   0.00e+00  2.17e+10    1.000000e+00
   5 2.2991318254e+01  -1.69e-07  2.17e+05    8.595547e-09

After 5 iterations the fit converged.
final sum of squares of residuals : 22.9913
rel. change during last iteration : -1.69451e-12

degrees of freedom    (FIT_NDF)                        : 9
rms of residuals      (FIT_STDFIT) = sqrt(WSSR/ndf)    : 1.59831
variance of residuals (reduced chisquare) = WSSR/ndf   : 2.55459

Final set of parameters            Asymptotic Standard Error
=======================            ==========================
a0              = 8.59555e-09      +/- 2.326e-11    (0.2706%)


*******************************************************************************
Tue May 17 23:21:39 2016


FIT:    data read from "salida.dat"
        format = z
        #datapoints = 10
        residuals are weighted equally (unit weight)

function used for fitting: f(x)
	f(x) = a0*8**x
fitted parameters initialized with current variable values

iter      chisq       delta/lim  lambda   a0           
   0 4.7235376191e+21   0.00e+00  2.17e+10    1.000000e+00
   5 2.2991318254e+01  -1.69e-07  2.17e+05    8.595547e-09

After 5 iterations the fit converged.
final sum of squares of residuals : 22.9913
rel. change during last iteration : -1.69451e-12

degrees of freedom    (FIT_NDF)                        : 9
rms of residuals      (FIT_STDFIT) = sqrt(WSSR/ndf)    : 1.59831
variance of residuals (reduced chisquare) = WSSR/ndf   : 2.55459

Final set of parameters            Asymptotic Standard Error
=======================            ==========================
a0              = 8.59555e-09      +/- 2.326e-11    (0.2706%)


*******************************************************************************
Tue May 17 23:34:31 2016


FIT:    data read from "salida.dat"
        format = z
        #datapoints = 10
        residuals are weighted equally (unit weight)

function used for fitting: f(x)
	f(x) = a0*8**x
fitted parameters initialized with current variable values

iter      chisq       delta/lim  lambda   a0           
   0 4.7235376191e+21   0.00e+00  2.17e+10    1.000000e+00
   5 2.2991318254e+01  -1.69e-07  2.17e+05    8.595547e-09

After 5 iterations the fit converged.
final sum of squares of residuals : 22.9913
rel. change during last iteration : -1.69451e-12

degrees of freedom    (FIT_NDF)                        : 9
rms of residuals      (FIT_STDFIT) = sqrt(WSSR/ndf)    : 1.59831
variance of residuals (reduced chisquare) = WSSR/ndf   : 2.55459

Final set of parameters            Asymptotic Standard Error
=======================            ==========================
a0              = 8.59555e-09      +/- 2.326e-11    (0.2706%)
